<?xml version="1.0" encoding="UTF-8"?>
<testsuite xmlns:xsi="http://www.w3.org/2001/XMLSchema-instance" xsi:noNamespaceSchemaLocation="https://maven.apache.org/surefire/maven-surefire-plugin/xsd/surefire-test-report.xsd" name="com.example.chatroom.server.model.ChatGroupTest" time="0.015" tests="3" errors="0" skipped="0" failures="0">
  <properties>
    <property name="socksProxyHost" value="127.0.0.1"/>
    <property name="http.proxyHost" value="127.0.0.1"/>
    <property name="java.specification.version" value="23"/>
    <property name="sun.jnu.encoding" value="UTF-8"/>
    <property name="java.class.path" value="/Users/apple/Desktop/chatroom/target/test-classes:/Users/apple/Desktop/chatroom/target/classes:/Users/apple/.m2/repository/org/openjfx/javafx-swing/17.0.2/javafx-swing-17.0.2.jar:/Users/apple/.m2/repository/org/openjfx/javafx-swing/17.0.2/javafx-swing-17.0.2-mac-aarch64.jar:/Users/apple/.m2/repository/org/openjfx/javafx-graphics/17.0.2/javafx-graphics-17.0.2.jar:/Users/apple/.m2/repository/org/openjfx/javafx-graphics/17.0.2/javafx-graphics-17.0.2-mac-aarch64.jar:/Users/apple/.m2/repository/org/openjfx/javafx-base/17.0.2/javafx-base-17.0.2.jar:/Users/apple/.m2/repository/org/openjfx/javafx-base/17.0.2/javafx-base-17.0.2-mac-aarch64.jar:/Users/apple/.m2/repository/org/slf4j/slf4j-api/1.7.36/slf4j-api-1.7.36.jar:/Users/apple/.m2/repository/ch/qos/logback/logback-classic/1.2.11/logback-classic-1.2.11.jar:/Users/apple/.m2/repository/ch/qos/logback/logback-core/1.2.11/logback-core-1.2.11.jar:/Users/apple/.m2/repository/org/junit/jupiter/junit-jupiter-api/5.8.2/junit-jupiter-api-5.8.2.jar:/Users/apple/.m2/repository/org/opentest4j/opentest4j/1.2.0/opentest4j-1.2.0.jar:/Users/apple/.m2/repository/org/junit/platform/junit-platform-commons/1.8.2/junit-platform-commons-1.8.2.jar:/Users/apple/.m2/repository/org/apiguardian/apiguardian-api/1.1.2/apiguardian-api-1.1.2.jar:/Users/apple/.m2/repository/org/junit/jupiter/junit-jupiter-engine/5.8.2/junit-jupiter-engine-5.8.2.jar:/Users/apple/.m2/repository/org/junit/platform/junit-platform-engine/1.8.2/junit-platform-engine-1.8.2.jar:/Users/apple/.m2/repository/org/mockito/mockito-core/4.5.1/mockito-core-4.5.1.jar:/Users/apple/.m2/repository/net/bytebuddy/byte-buddy/1.12.9/byte-buddy-1.12.9.jar:/Users/apple/.m2/repository/net/bytebuddy/byte-buddy-agent/1.12.9/byte-buddy-agent-1.12.9.jar:/Users/apple/.m2/repository/org/objenesis/objenesis/3.2/objenesis-3.2.jar:/Users/apple/.m2/repository/ws/schild/jave-core/3.3.1/jave-core-3.3.1.jar:/Users/apple/.m2/repository/ws/schild/jave-all-deps/3.3.1/jave-all-deps-3.3.1.jar:/Users/apple/.m2/repository/ws/schild/jave-nativebin-win32/3.3.1/jave-nativebin-win32-3.3.1.jar:/Users/apple/.m2/repository/ws/schild/jave-nativebin-win64/3.3.1/jave-nativebin-win64-3.3.1.jar:/Users/apple/.m2/repository/ws/schild/jave-nativebin-linux32/3.3.1/jave-nativebin-linux32-3.3.1.jar:/Users/apple/.m2/repository/ws/schild/jave-nativebin-linux64/3.3.1/jave-nativebin-linux64-3.3.1.jar:/Users/apple/.m2/repository/ws/schild/jave-nativebin-osx64/3.3.1/jave-nativebin-osx64-3.3.1.jar:/Users/apple/.m2/repository/ws/schild/jave-nativebin-osxm1/3.3.1/jave-nativebin-osxm1-3.3.1.jar:/Users/apple/.m2/repository/ws/schild/jave-nativebin-linux-arm32/3.3.1/jave-nativebin-linux-arm32-3.3.1.jar:/Users/apple/.m2/repository/ws/schild/jave-nativebin-linux-arm64/3.3.1/jave-nativebin-linux-arm64-3.3.1.jar:"/>
    <property name="https.proxyPort" value="7890"/>
    <property name="java.vm.vendor" value="Homebrew"/>
    <property name="sun.arch.data.model" value="64"/>
    <property name="java.vendor.url" value="https://github.com/Homebrew/homebrew-core/issues"/>
    <property name="os.name" value="Mac OS X"/>
    <property name="java.vm.specification.version" value="23"/>
    <property name="sun.java.launcher" value="SUN_STANDARD"/>
    <property name="user.country" value="CN"/>
    <property name="sun.boot.library.path" value="/opt/homebrew/Cellar/openjdk/23.0.2/libexec/openjdk.jdk/Contents/Home/lib"/>
    <property name="sun.java.command" value="/Users/apple/Desktop/chatroom/target/surefire/surefirebooter11699585140188293833.jar /Users/apple/Desktop/chatroom/target/surefire 2025-05-21T17-00-38_907-jvmRun1 surefire15990823829648525464tmp surefire_014065598171866086347tmp"/>
    <property name="http.nonProxyHosts" value="192.168.0.0/16|*.192.168.0.0/16|10.0.0.0/8|*.10.0.0.0/8|172.16.0.0/12|*.172.16.0.0/12|127.0.0.1|localhost|*.localhost|local|*.local|timestamp.apple.com|*.timestamp.apple.com|sequoia.apple.com|*.sequoia.apple.com|seed-sequoia.siri.apple.com|*.seed-sequoia.siri.apple.com"/>
    <property name="jdk.debug" value="release"/>
    <property name="surefire.test.class.path" value="/Users/apple/Desktop/chatroom/target/test-classes:/Users/apple/Desktop/chatroom/target/classes:/Users/apple/.m2/repository/org/openjfx/javafx-swing/17.0.2/javafx-swing-17.0.2.jar:/Users/apple/.m2/repository/org/openjfx/javafx-swing/17.0.2/javafx-swing-17.0.2-mac-aarch64.jar:/Users/apple/.m2/repository/org/openjfx/javafx-graphics/17.0.2/javafx-graphics-17.0.2.jar:/Users/apple/.m2/repository/org/openjfx/javafx-graphics/17.0.2/javafx-graphics-17.0.2-mac-aarch64.jar:/Users/apple/.m2/repository/org/openjfx/javafx-base/17.0.2/javafx-base-17.0.2.jar:/Users/apple/.m2/repository/org/openjfx/javafx-base/17.0.2/javafx-base-17.0.2-mac-aarch64.jar:/Users/apple/.m2/repository/org/slf4j/slf4j-api/1.7.36/slf4j-api-1.7.36.jar:/Users/apple/.m2/repository/ch/qos/logback/logback-classic/1.2.11/logback-classic-1.2.11.jar:/Users/apple/.m2/repository/ch/qos/logback/logback-core/1.2.11/logback-core-1.2.11.jar:/Users/apple/.m2/repository/org/junit/jupiter/junit-jupiter-api/5.8.2/junit-jupiter-api-5.8.2.jar:/Users/apple/.m2/repository/org/opentest4j/opentest4j/1.2.0/opentest4j-1.2.0.jar:/Users/apple/.m2/repository/org/junit/platform/junit-platform-commons/1.8.2/junit-platform-commons-1.8.2.jar:/Users/apple/.m2/repository/org/apiguardian/apiguardian-api/1.1.2/apiguardian-api-1.1.2.jar:/Users/apple/.m2/repository/org/junit/jupiter/junit-jupiter-engine/5.8.2/junit-jupiter-engine-5.8.2.jar:/Users/apple/.m2/repository/org/junit/platform/junit-platform-engine/1.8.2/junit-platform-engine-1.8.2.jar:/Users/apple/.m2/repository/org/mockito/mockito-core/4.5.1/mockito-core-4.5.1.jar:/Users/apple/.m2/repository/net/bytebuddy/byte-buddy/1.12.9/byte-buddy-1.12.9.jar:/Users/apple/.m2/repository/net/bytebuddy/byte-buddy-agent/1.12.9/byte-buddy-agent-1.12.9.jar:/Users/apple/.m2/repository/org/objenesis/objenesis/3.2/objenesis-3.2.jar:/Users/apple/.m2/repository/ws/schild/jave-core/3.3.1/jave-core-3.3.1.jar:/Users/apple/.m2/repository/ws/schild/jave-all-deps/3.3.1/jave-all-deps-3.3.1.jar:/Users/apple/.m2/repository/ws/schild/jave-nativebin-win32/3.3.1/jave-nativebin-win32-3.3.1.jar:/Users/apple/.m2/repository/ws/schild/jave-nativebin-win64/3.3.1/jave-nativebin-win64-3.3.1.jar:/Users/apple/.m2/repository/ws/schild/jave-nativebin-linux32/3.3.1/jave-nativebin-linux32-3.3.1.jar:/Users/apple/.m2/repository/ws/schild/jave-nativebin-linux64/3.3.1/jave-nativebin-linux64-3.3.1.jar:/Users/apple/.m2/repository/ws/schild/jave-nativebin-osx64/3.3.1/jave-nativebin-osx64-3.3.1.jar:/Users/apple/.m2/repository/ws/schild/jave-nativebin-osxm1/3.3.1/jave-nativebin-osxm1-3.3.1.jar:/Users/apple/.m2/repository/ws/schild/jave-nativebin-linux-arm32/3.3.1/jave-nativebin-linux-arm32-3.3.1.jar:/Users/apple/.m2/repository/ws/schild/jave-nativebin-linux-arm64/3.3.1/jave-nativebin-linux-arm64-3.3.1.jar:"/>
    <property name="sun.cpu.endian" value="little"/>
    <property name="user.home" value="/Users/apple"/>
    <property name="user.language" value="zh"/>
    <property name="java.specification.vendor" value="Oracle Corporation"/>
    <property name="java.version.date" value="2025-01-21"/>
    <property name="java.home" value="/opt/homebrew/Cellar/openjdk/23.0.2/libexec/openjdk.jdk/Contents/Home"/>
    <property name="file.separator" value="/"/>
    <property name="https.proxyHost" value="127.0.0.1"/>
    <property name="basedir" value="/Users/apple/Desktop/chatroom"/>
    <property name="java.vm.compressedOopsMode" value="Zero based"/>
    <property name="line.separator" value="&#10;"/>
    <property name="java.vm.specification.vendor" value="Oracle Corporation"/>
    <property name="java.specification.name" value="Java Platform API Specification"/>
    <property name="apple.awt.application.name" value="ForkedBooter"/>
    <property name="surefire.real.class.path" value="/Users/apple/Desktop/chatroom/target/surefire/surefirebooter11699585140188293833.jar"/>
    <property name="user.script" value="Hans"/>
    <property name="sun.management.compiler" value="HotSpot 64-Bit Tiered Compilers"/>
    <property name="ftp.nonProxyHosts" value="192.168.0.0/16|*.192.168.0.0/16|10.0.0.0/8|*.10.0.0.0/8|172.16.0.0/12|*.172.16.0.0/12|127.0.0.1|localhost|*.localhost|local|*.local|timestamp.apple.com|*.timestamp.apple.com|sequoia.apple.com|*.sequoia.apple.com|seed-sequoia.siri.apple.com|*.seed-sequoia.siri.apple.com"/>
    <property name="java.runtime.version" value="23.0.2"/>
    <property name="user.name" value="apple"/>
    <property name="stdout.encoding" value="UTF-8"/>
    <property name="path.separator" value=":"/>
    <property name="os.version" value="13.4.1"/>
    <property name="java.runtime.name" value="OpenJDK Runtime Environment"/>
    <property name="file.encoding" value="UTF-8"/>
    <property name="java.vm.name" value="OpenJDK 64-Bit Server VM"/>
    <property name="java.vendor.version" value="Homebrew"/>
    <property name="localRepository" value="/Users/apple/.m2/repository"/>
    <property name="java.vendor.url.bug" value="https://github.com/Homebrew/homebrew-core/issues"/>
    <property name="java.io.tmpdir" value="/var/folders/72/jcg4sx6j6_gd3660xz15g7tm0000gn/T/"/>
    <property name="java.version" value="23.0.2"/>
    <property name="user.dir" value="/Users/apple/Desktop/chatroom"/>
    <property name="os.arch" value="aarch64"/>
    <property name="socksProxyPort" value="7890"/>
    <property name="java.vm.specification.name" value="Java Virtual Machine Specification"/>
    <property name="native.encoding" value="UTF-8"/>
    <property name="java.library.path" value="/Users/apple/Library/Java/Extensions:/Library/Java/Extensions:/Network/Library/Java/Extensions:/System/Library/Java/Extensions:/usr/lib/java:."/>
    <property name="java.vm.info" value="mixed mode, sharing"/>
    <property name="stderr.encoding" value="UTF-8"/>
    <property name="java.vendor" value="Homebrew"/>
    <property name="java.vm.version" value="23.0.2"/>
    <property name="sun.io.unicode.encoding" value="UnicodeBig"/>
    <property name="socksNonProxyHosts" value="192.168.0.0/16|*.192.168.0.0/16|10.0.0.0/8|*.10.0.0.0/8|172.16.0.0/12|*.172.16.0.0/12|127.0.0.1|localhost|*.localhost|local|*.local|timestamp.apple.com|*.timestamp.apple.com|sequoia.apple.com|*.sequoia.apple.com|seed-sequoia.siri.apple.com|*.seed-sequoia.siri.apple.com"/>
    <property name="java.class.version" value="67.0"/>
    <property name="http.proxyPort" value="7890"/>
  </properties>
  <testcase name="testFromFileString" classname="com.example.chatroom.server.model.ChatGroupTest" time="0.008"/>
  <testcase name="testToFileString" classname="com.example.chatroom.server.model.ChatGroupTest" time="0.003"/>
  <testcase name="testInvalidFromFileString" classname="com.example.chatroom.server.model.ChatGroupTest" time="0.001"/>
</testsuite>